<?xml version="1.0" encoding="UTF-8"?>
<!-- Generated by org.testng.reporters.JUnitReportReporter -->
<testsuite skipped="0" hostname="DESKTOP-UFNK8MN" name="com.qa.acttimeTestCases.ActiTimeCreateCustomerTest" tests="1" failures="0" timestamp="2020-05-21T22:43:33 PDT" time="33.549" errors="0">
  <testcase name="createCustomer" time="33.549" classname="com.qa.acttimeTestCases.ActiTimeCreateCustomerTest"/>
  <system-out/>
</testsuite> <!-- com.qa.acttimeTestCases.ActiTimeCreateCustomerTest -->
