<?xml version="1.0" encoding="UTF-8"?>
<!-- Generated by org.testng.reporters.JUnitReportReporter -->
<testsuite skipped="3" hostname="DESKTOP-UFNK8MN" name="com.qa.acttimeTestCases.ActiLoginPageTest" tests="4" failures="0" timestamp="2020-06-29T18:23:25 PDT" time="3.147" errors="1">
  <testcase name="preTest" time="3.147" classname="com.qa.acttimeTestCases.ActiLoginPageTest">
    <error type="org.openqa.selenium.SessionNotCreatedException" message="session not created: This version of ChromeDriver only supports Chrome version 80
Build info: version: &#039;4.0.0-alpha-3&#039;, revision: &#039;8c567de6dc&#039;
System info: host: &#039;DESKTOP-UFNK8MN&#039;, ip: &#039;192.168.137.1&#039;, os.name: &#039;Windows 10&#039;, os.arch: &#039;amd64&#039;, os.version: &#039;10.0&#039;, java.version: &#039;1.8.0_131&#039;
Driver info: driver.version: ChromeDriver
remote stacktrace: Backtrace:
	Ordinal0 [0x00FC0C83+1707139]
	Ordinal0 [0x00F268F1+1075441]
	Ordinal0 [0x00E9DFC9+516041]
	Ordinal0 [0x00E30554+66900]
	Ordinal0 [0x00E2CCE2+52450]
	Ordinal0 [0x00E4BFD7+180183]
	Ordinal0 [0x00E4BDDD+179677]
	Ordinal0 [0x00E49D4B+171339]
	Ordinal0 [0x00E31D4A+73034]
	Ordinal0 [0x00E32DC0+77248]
	Ordinal0 [0x00E32D59+77145]
	Ordinal0 [0x00F3BB67+1162087]
	GetHandleVerifier [0x0105A966+508998]
	GetHandleVerifier [0x0105A6A4+508292]
	GetHandleVerifier [0x0106F7B7+594583]
	GetHandleVerifier [0x0105B1D6+511158]
	Ordinal0 [0x00F3402C+1130540]
	Ordinal0 [0x00F3D4CB+1168587]
	Ordinal0 [0x00F3D633+1168947]
	Ordinal0 [0x00F55B35+1268533]
	BaseThreadInitThunk [0x76456359+25]
	RtlGetAppContainerNamedObjectPath [0x77A07C24+228]
	RtlGetAppContainerNamedObjectPath [0x77A07BF4+180]
">
      <![CDATA[org.openqa.selenium.SessionNotCreatedException: session not created: This version of ChromeDriver only supports Chrome version 80
Build info: version: '4.0.0-alpha-3', revision: '8c567de6dc'
System info: host: 'DESKTOP-UFNK8MN', ip: '192.168.137.1', os.name: 'Windows 10', os.arch: 'amd64', os.version: '10.0', java.version: '1.8.0_131'
Driver info: driver.version: ChromeDriver
remote stacktrace: Backtrace:
Ordinal0 [0x00FC0C83+1707139]
Ordinal0 [0x00F268F1+1075441]
Ordinal0 [0x00E9DFC9+516041]
Ordinal0 [0x00E30554+66900]
Ordinal0 [0x00E2CCE2+52450]
Ordinal0 [0x00E4BFD7+180183]
Ordinal0 [0x00E4BDDD+179677]
Ordinal0 [0x00E49D4B+171339]
Ordinal0 [0x00E31D4A+73034]
Ordinal0 [0x00E32DC0+77248]
Ordinal0 [0x00E32D59+77145]
Ordinal0 [0x00F3BB67+1162087]
GetHandleVerifier [0x0105A966+508998]
GetHandleVerifier [0x0105A6A4+508292]
GetHandleVerifier [0x0106F7B7+594583]
GetHandleVerifier [0x0105B1D6+511158]
Ordinal0 [0x00F3402C+1130540]
Ordinal0 [0x00F3D4CB+1168587]
Ordinal0 [0x00F3D633+1168947]
Ordinal0 [0x00F55B35+1268533]
BaseThreadInitThunk [0x76456359+25]
RtlGetAppContainerNamedObjectPath [0x77A07C24+228]
RtlGetAppContainerNamedObjectPath [0x77A07BF4+180]

at sun.reflect.NativeConstructorAccessorImpl.newInstance0(Native Method)
at sun.reflect.NativeConstructorAccessorImpl.newInstance(NativeConstructorAccessorImpl.java:62)
at sun.reflect.DelegatingConstructorAccessorImpl.newInstance(DelegatingConstructorAccessorImpl.java:45)
at java.lang.reflect.Constructor.newInstance(Constructor.java:423)
at org.openqa.selenium.remote.W3CHandshakeResponse.lambda$errorHandler$0(W3CHandshakeResponse.java:62)
at org.openqa.selenium.remote.HandshakeResponse.lambda$getResponseFunction$0(HandshakeResponse.java:30)
at org.openqa.selenium.remote.ProtocolHandshake.lambda$createSession$1(ProtocolHandshake.java:127)
at java.util.stream.ReferencePipeline$3$1.accept(ReferencePipeline.java:193)
at java.util.Spliterators$ArraySpliterator.tryAdvance(Spliterators.java:958)
at java.util.stream.ReferencePipeline.forEachWithCancel(ReferencePipeline.java:126)
at java.util.stream.AbstractPipeline.copyIntoWithCancel(AbstractPipeline.java:498)
at java.util.stream.AbstractPipeline.copyInto(AbstractPipeline.java:485)
at java.util.stream.AbstractPipeline.wrapAndCopyInto(AbstractPipeline.java:471)
at java.util.stream.FindOps$FindOp.evaluateSequential(FindOps.java:152)
at java.util.stream.AbstractPipeline.evaluate(AbstractPipeline.java:234)
at java.util.stream.ReferencePipeline.findFirst(ReferencePipeline.java:464)
at org.openqa.selenium.remote.ProtocolHandshake.createSession(ProtocolHandshake.java:129)
at org.openqa.selenium.remote.ProtocolHandshake.createSession(ProtocolHandshake.java:75)
at org.openqa.selenium.remote.HttpCommandExecutor.execute(HttpCommandExecutor.java:139)
at org.openqa.selenium.remote.service.DriverCommandExecutor.execute(DriverCommandExecutor.java:83)
at org.openqa.selenium.remote.RemoteWebDriver.execute(RemoteWebDriver.java:576)
at org.openqa.selenium.remote.RemoteWebDriver.startSession(RemoteWebDriver.java:210)
at org.openqa.selenium.remote.RemoteWebDriver.<init>(RemoteWebDriver.java:130)
at org.openqa.selenium.chromium.ChromiumDriver.<init>(ChromiumDriver.java:75)
at org.openqa.selenium.chrome.ChromeDriver.<init>(ChromeDriver.java:163)
at org.openqa.selenium.chrome.ChromeDriver.<init>(ChromeDriver.java:150)
at org.openqa.selenium.chrome.ChromeDriver.<init>(ChromeDriver.java:105)
at com.qa.acttimeBase.DriverScript.initApp(DriverScript.java:35)
at com.qa.acttimeTestCases.ActiBaseTest.preTest(ActiBaseTest.java:38)
at sun.reflect.NativeMethodAccessorImpl.invoke0(Native Method)
at sun.reflect.NativeMethodAccessorImpl.invoke(NativeMethodAccessorImpl.java:62)
at sun.reflect.DelegatingMethodAccessorImpl.invoke(DelegatingMethodAccessorImpl.java:43)
at java.lang.reflect.Method.invoke(Method.java:498)
at org.testng.internal.MethodInvocationHelper.invokeMethod(MethodInvocationHelper.java:135)
at org.testng.internal.MethodInvocationHelper.invokeMethodConsideringTimeout(MethodInvocationHelper.java:64)
at org.testng.internal.ConfigInvoker.invokeConfigurationMethod(ConfigInvoker.java:364)
at org.testng.internal.ConfigInvoker.invokeConfigurations(ConfigInvoker.java:318)
at org.testng.internal.TestInvoker.runConfigMethods(TestInvoker.java:700)
at org.testng.internal.TestInvoker.invokeMethod(TestInvoker.java:527)
at org.testng.internal.TestInvoker.invokeTestMethod(TestInvoker.java:174)
at org.testng.internal.MethodRunner.runInSequence(MethodRunner.java:46)
at org.testng.internal.TestInvoker$MethodInvocationAgent.invoke(TestInvoker.java:821)
at org.testng.internal.TestInvoker.invokeTestMethods(TestInvoker.java:147)
at org.testng.internal.TestMethodWorker.invokeTestMethods(TestMethodWorker.java:146)
at org.testng.internal.TestMethodWorker.run(TestMethodWorker.java:128)
at java.util.ArrayList.forEach(ArrayList.java:1249)
at org.testng.TestRunner.privateRun(TestRunner.java:767)
at org.testng.TestRunner.run(TestRunner.java:588)
at org.testng.SuiteRunner.runTest(SuiteRunner.java:384)
at org.testng.SuiteRunner.runSequentially(SuiteRunner.java:378)
at org.testng.SuiteRunner.privateRun(SuiteRunner.java:337)
at org.testng.SuiteRunner.run(SuiteRunner.java:286)
at org.testng.SuiteRunnerWorker.runSuite(SuiteRunnerWorker.java:53)
at org.testng.SuiteRunnerWorker.run(SuiteRunnerWorker.java:96)
at org.testng.TestNG.runSuitesSequentially(TestNG.java:1214)
at org.testng.TestNG.runSuitesLocally(TestNG.java:1136)
at org.testng.TestNG.runSuites(TestNG.java:1066)
at org.testng.TestNG.run(TestNG.java:1034)
at org.testng.remote.AbstractRemoteTestNG.run(AbstractRemoteTestNG.java:115)
at org.testng.remote.RemoteTestNG.initAndRun(RemoteTestNG.java:251)
at org.testng.remote.RemoteTestNG.main(RemoteTestNG.java:77)
]]>
    </error>
  </testcase> <!-- preTest -->
  <system-out/>
  <testcase name="testVerifyActiLogo" time="0.000" classname="com.qa.acttimeTestCases.ActiLoginPageTest">
    <skipped/>
  </testcase> <!-- testVerifyActiLogo -->
  <system-out/>
  <testcase name="testVerifyLoginPageTitle" time="0.000" classname="com.qa.acttimeTestCases.ActiLoginPageTest">
    <skipped/>
  </testcase> <!-- testVerifyLoginPageTitle -->
  <system-out/>
  <testcase name="testValidateLoginFunction" time="0.000" classname="com.qa.acttimeTestCases.ActiLoginPageTest">
    <skipped/>
  </testcase> <!-- testValidateLoginFunction -->
  <system-out/>
</testsuite> <!-- com.qa.acttimeTestCases.ActiLoginPageTest -->
