<?xml version="1.0" encoding="UTF-8"?>
<!-- Generated by org.testng.reporters.JUnitReportReporter -->
<testsuite skipped="0" hostname="DESKTOP-UFNK8MN" name="com.qa.acttimeTestCases.actiLoginPageTest" tests="4" failures="0" timestamp="2020-05-05T22:44:01 PDT" time="76.280" errors="0">
  <testcase name="testVerifyActiLogo" time="17.567" classname="com.qa.acttimeTestCases.actiLoginPageTest"/>
  <system-out/>
  <testcase name="testVerifyLoginPageTitle" time="19.797" classname="com.qa.acttimeTestCases.actiLoginPageTest"/>
  <system-out/>
  <testcase name="testValidateLoginFunction" time="18.916" classname="com.qa.acttimeTestCases.actiLoginPageTest"/>
  <system-out/>
  <testcase name="testValidateLoginFunction1" time="20.000" classname="com.qa.acttimeTestCases.actiLoginPageTest"/>
  <system-out/>
</testsuite> <!-- com.qa.acttimeTestCases.actiLoginPageTest -->
