<?xml version="1.0" encoding="UTF-8"?>
<!-- Generated by org.testng.reporters.JUnitReportReporter -->
<testsuite skipped="0" hostname="DESKTOP-UFNK8MN" name="com.qa.acttimeTestCases.ActiDeleteCustomer" tests="1" failures="0" timestamp="2020-05-17T09:50:20 PDT" time="36.844" errors="0">
  <testcase name="DeleteCustomer" time="36.844" classname="com.qa.acttimeTestCases.ActiDeleteCustomer"/>
  <system-out/>
</testsuite> <!-- com.qa.acttimeTestCases.ActiDeleteCustomer -->
