<?xml version="1.0" encoding="UTF-8"?>
<!-- Generated by org.testng.reporters.JUnitReportReporter -->
<testsuite skipped="0" hostname="DESKTOP-UFNK8MN" name="com.qa.acttimeTestCases.ActiTimeCreateCutomerTest" tests="1" failures="0" timestamp="2020-05-10T16:43:45 PDT" time="26.187" errors="0">
  <testcase name="createCustomer" time="26.187" classname="com.qa.acttimeTestCases.ActiTimeCreateCutomerTest"/>
  <system-out/>
</testsuite> <!-- com.qa.acttimeTestCases.ActiTimeCreateCutomerTest -->
