<?xml version="1.0" encoding="UTF-8"?>
<!-- Generated by org.testng.reporters.JUnitReportReporter -->
<testsuite skipped="0" hostname="DESKTOP-UFNK8MN" name="com.qa.acttimeBase.DriverScript" tests="1" failures="0" timestamp="2020-05-05T20:52:19 PDT" time="15.953" errors="0">
  <testcase name="initApp" time="15.953" classname="com.qa.acttimeBase.DriverScript"/>
  <system-out/>
</testsuite> <!-- com.qa.acttimeBase.DriverScript -->
